2022-05-21T19:24:19.850Z - normal: Load ~/.CocosCreator/settings.json
2022-05-21T19:24:19.944Z - normal: Initializing Asset Database
2022-05-21T19:24:19.952Z - normal: checking language setting...
2022-05-21T19:24:19.954Z - normal: Language: en
2022-05-21T19:24:21.165Z - success: preview server running at http://localhost:7456
2022-05-21T19:24:21.206Z - success: protocol editor-framework registered
2022-05-21T19:24:21.207Z - success: protocol app registered
2022-05-21T19:24:21.208Z - success: protocol theme registered
2022-05-21T19:24:21.208Z - success: protocol packages registered
2022-05-21T19:24:21.208Z - success: protocol uuid registerred
2022-05-21T19:24:21.208Z - success: protocol db registerred
2022-05-21T19:24:21.209Z - success: protocol thumbnail registerred
2022-05-21T19:24:21.209Z - success: protocol unpack registerred
2022-05-21T19:24:21.210Z - success: protocol disable-commonjs registerred
2022-05-21T19:24:23.136Z - normal: connected!
2022-05-21T19:24:23.159Z - normal: Check project /Users/doanthong/Desktop/2048New_Cocos
2022-05-21T19:24:23.172Z - normal: Initializing project /Users/doanthong/Desktop/2048New_Cocos
2022-05-21T19:24:23.731Z - normal: Initializing Cocos2d
2022-05-21T19:24:24.873Z - normal: Initializing engine extends
2022-05-21T19:24:24.980Z - success: alipay-adapter loaded
2022-05-21T19:24:24.999Z - success: asset-db-debugger loaded
2022-05-21T19:24:25.001Z - success: baidu-adapter loaded
2022-05-21T19:24:25.002Z - success: color-picker loaded
2022-05-21T19:24:25.199Z - success: fb-audience-network loaded
2022-05-21T19:24:25.268Z - success: fb-live-stream loaded
2022-05-21T19:24:25.271Z - success: google-play-instant loaded
2022-05-21T19:24:25.282Z - success: huawei-runtime loaded
2022-05-21T19:24:25.617Z - success: cpk-publish loaded
2022-05-21T19:24:25.618Z - success: jsb-adapter loaded
2022-05-21T19:24:25.627Z - success: oppo-runtime loaded
2022-05-21T19:24:25.640Z - success: package-manager loaded
2022-05-21T19:24:25.803Z - success: qqplay-adapter loaded
2022-05-21T19:24:25.805Z - success: runtime-dev-tools loaded
2022-05-21T19:24:25.813Z - success: sdkbox loaded
2022-05-21T19:24:25.818Z - success: tester loaded
2022-05-21T19:24:25.822Z - success: ui-kit-preview-extra loaded
2022-05-21T19:24:25.825Z - success: ui-kit-preview loaded
2022-05-21T19:24:25.829Z - success: ui-kit loaded
2022-05-21T19:24:25.836Z - success: vivo-runtime loaded
2022-05-21T19:24:25.837Z - success: weapp-adapter loaded
2022-05-21T19:24:25.838Z - success: xiaomi-adapter loaded
2022-05-21T19:24:25.841Z - success: alipay-minigame loaded
2022-05-21T19:24:25.879Z - success: assets loaded
2022-05-21T19:24:25.883Z - success: builder loaded
2022-05-21T19:24:26.313Z - success: cocos-services loaded
2022-05-21T19:24:26.328Z - success: console loaded
2022-05-21T19:24:26.378Z - success: fb-instant-games loaded
2022-05-21T19:24:26.385Z - success: game-window loaded
2022-05-21T19:24:26.386Z - success: google-instant-games loaded
2022-05-21T19:24:26.392Z - success: hierarchy loaded
2022-05-21T19:24:26.399Z - success: inspector loaded
2022-05-21T19:24:26.402Z - success: keystore loaded
2022-05-21T19:24:26.409Z - success: node-library loaded
2022-05-21T19:24:26.411Z - success: package-asset loaded
2022-05-21T19:24:26.413Z - success: preferences loaded
2022-05-21T19:24:26.415Z - success: project-exporter loaded
2022-05-21T19:24:26.421Z - success: project-importer loaded
2022-05-21T19:24:26.425Z - success: project-settings loaded
2022-05-21T19:24:26.432Z - success: scene loaded
2022-05-21T19:24:26.433Z - success: simulator-debugger loaded
2022-05-21T19:24:26.435Z - success: sprite-editor loaded
2022-05-21T19:24:26.448Z - success: store loaded
2022-05-21T19:24:26.459Z - success: timeline loaded
2022-05-21T19:24:26.465Z - success: xiaomi-runtime loaded
2022-05-21T19:24:26.777Z - success: im-plugin loaded
2022-05-21T19:24:29.909Z - normal: Loading packages
2022-05-21T19:24:29.927Z - normal: Watching packages
2022-05-21T19:24:30.131Z - normal: Run Application
2022-05-21T19:24:31.562Z - info: Cocos Services load base data!
